#
# A fatal error has been detected by the Java Runtime Environment:
#
#  EXCEPTION_ACCESS_VIOLATION (0xc0000005) at pc=0x6d01c1b7, pid=6352, tid=6544
#
# JRE version: 6.0_20-b02
# Java VM: Java HotSpot(TM) Client VM (16.3-b01 mixed mode, sharing windows-x86 )
# Problematic frame:
# C  [awt.dll+0x1c1b7]
#
# If you would like to submit a bug report, please visit:
#   http://java.sun.com/webapps/bugreport/crash.jsp
# The crash happened outside the Java Virtual Machine in native code.
# See problematic frame for where to report the bug.
#

---------------  T H R E A D  ---------------

Current thread (0x03f5d800):  JavaThread "AWT-EventQueue-0" [_thread_in_native, id=6544, stack(0x06f10000,0x06f60000)]

siginfo: ExceptionCode=0xc0000005, reading address 0x000003fc

Registers:
EAX=0x000000ff, EBX=0x00000000, ECX=0x27a1000c, EDX=0x00000000
ESP=0x06f5ef0c, EBP=0x00004cb3, ESI=0x08060000, EDI=0x000003a0
EIP=0x6d01c1b7, EFLAGS=0x00010217

Top of Stack: (sp=0x06f5ef0c)
0x06f5ef0c:   fffffff8 03f5d910 08059340 ffffffe2
0x06f5ef1c:   6d001cfc ffffffff 00000000 000003a0
0x06f5ef2c:   000002af 06f5f020 00000000 6d0fa9c0
0x06f5ef3c:   06f5ef98 03f5d800 3860e770 06f5f0f4
0x06f5ef4c:   37b52fd8 6d0fa9c0 0452ab00 00000008
0x06f5ef5c:   00000000 048937f0 00000008 0000001e
0x06f5ef6c:   000003a8 000002cd 00000008 0000001e
0x06f5ef7c:   000003a8 000002cd 00000000 00000000 

Instructions: (pc=0x6d01c1b7)
0x6d01c1a7:   00 99 81 e2 ff 00 00 00 03 c2 c1 f8 08 0f b6 c0
0x6d01c1b7:   8a 14 83 83 c1 04 88 16 46 4f 75 bd 8b 7c 24 18 


Stack: [0x06f10000,0x06f60000],  sp=0x06f5ef0c,  free space=13b06f5ea28k
Native frames: (J=compiled Java code, j=interpreted, Vv=VM code, C=native code)
C  [awt.dll+0x1c1b7]

Java frames: (J=compiled Java code, j=interpreted, Vv=VM code)
j  sun.java2d.loops.Blit.Blit(Lsun/java2d/SurfaceData;Lsun/java2d/SurfaceData;Ljava/awt/Composite;Lsun/java2d/pipe/Region;IIIIII)V+0
J  sun.java2d.pipe.DrawImage.blitSurfaceData(Lsun/java2d/SunGraphics2D;Lsun/java2d/pipe/Region;Lsun/java2d/SurfaceData;Lsun/java2d/SurfaceData;Lsun/java2d/loops/SurfaceType;Lsun/java2d/loops/SurfaceType;IIIIIILjava/awt/Color;)V
J  sun.java2d.pipe.DrawImage.renderImageCopy(Lsun/java2d/SunGraphics2D;Ljava/awt/Image;Ljava/awt/Color;IIIIII)Z
j  sun.java2d.pipe.DrawImage.copyImage(Lsun/java2d/SunGraphics2D;Ljava/awt/Image;IILjava/awt/Color;)Z+45
J  sun.java2d.pipe.DrawImage.copyImage(Lsun/java2d/SunGraphics2D;Ljava/awt/Image;IILjava/awt/Color;Ljava/awt/image/ImageObserver;)Z
j  sun.java2d.pipe.ValidatePipe.copyImage(Lsun/java2d/SunGraphics2D;Ljava/awt/Image;IILjava/awt/Color;Ljava/awt/image/ImageObserver;)Z+21
J  sun.java2d.SunGraphics2D.drawImage(Ljava/awt/Image;IILjava/awt/Color;Ljava/awt/image/ImageObserver;)Z
J  sun.java2d.SunGraphics2D.drawImage(Ljava/awt/Image;IILjava/awt/image/ImageObserver;)Z
J  javax.swing.RepaintManager$PaintManager.paintDoubleBuffered(Ljavax/swing/JComponent;Ljava/awt/Image;Ljava/awt/Graphics;IIII)V
J  javax.swing.RepaintManager$PaintManager.paint(Ljavax/swing/JComponent;Ljavax/swing/JComponent;Ljava/awt/Graphics;IIII)Z
j  javax.swing.RepaintManager.paint(Ljavax/swing/JComponent;Ljavax/swing/JComponent;Ljava/awt/Graphics;IIII)V+52
J  javax.swing.JComponent.paint(Ljava/awt/Graphics;)V
j  java.awt.GraphicsCallback$PaintCallback.run(Ljava/awt/Component;Ljava/awt/Graphics;)V+2
j  sun.awt.SunGraphicsCallback.runOneComponent(Ljava/awt/Component;Ljava/awt/Rectangle;Ljava/awt/Graphics;Ljava/awt/Shape;I)V+155
j  sun.awt.SunGraphicsCallback.runComponents([Ljava/awt/Component;Ljava/awt/Graphics;I)V+104
j  java.awt.Container.paint(Ljava/awt/Graphics;)V+73
j  java.awt.Window.paint(Ljava/awt/Graphics;)V+72
J  javax.swing.RepaintManager.paintDirtyRegions(Ljava/util/Map;)V
j  javax.swing.RepaintManager.paintDirtyRegions()V+46
j  javax.swing.RepaintManager.seqPaintDirtyRegions()V+73
j  javax.swing.SystemEventQueueUtilities$ComponentWorkRequest.run()V+36
J  java.awt.event.InvocationEvent.dispatch()V
J  java.awt.EventQueue.dispatchEvent(Ljava/awt/AWTEvent;)V
J  java.awt.EventDispatchThread.pumpOneEventForFilters(I)Z
j  java.awt.EventDispatchThread.pumpEventsForFilter(ILjava/awt/Conditional;Ljava/awt/EventFilter;)V+30
j  java.awt.EventDispatchThread.pumpEventsForHierarchy(ILjava/awt/Conditional;Ljava/awt/Component;)V+11
j  java.awt.EventDispatchThread.pumpEvents(ILjava/awt/Conditional;)V+4
j  java.awt.EventDispatchThread.pumpEvents(Ljava/awt/Conditional;)V+3
j  java.awt.EventDispatchThread.run()V+9
v  ~StubRoutines::call_stub

---------------  P R O C E S S  ---------------

Java Threads: ( => current thread )
  0x047ee800 JavaThread "jEdit server daemon [C:\Users\rafael\.jedit\server]" daemon [_thread_in_native, id=6656, stack(0x09340000,0x09390000)]
  0x047ee000 JavaThread "jEdit I/O #4" [_thread_blocked, id=6652, stack(0x092f0000,0x09340000)]
  0x047edc00 JavaThread "jEdit I/O #3" [_thread_blocked, id=6648, stack(0x07fa0000,0x07ff0000)]
  0x047ed400 JavaThread "jEdit I/O #2" [_thread_blocked, id=6644, stack(0x07f50000,0x07fa0000)]
  0x047ed000 JavaThread "jEdit I/O #1" [_thread_blocked, id=6640, stack(0x07f00000,0x07f50000)]
  0x01a01c00 JavaThread "DestroyJavaVM" [_thread_blocked, id=6380, stack(0x001a0000,0x001f0000)]
  0x0452d400 JavaThread "TimerQueue" daemon [_thread_blocked, id=6596, stack(0x075b0000,0x07600000)]
  0x03f62000 JavaThread "D3D Screen Updater" daemon [_thread_blocked, id=6556, stack(0x04460000,0x044b0000)]
=>0x03f5d800 JavaThread "AWT-EventQueue-0" [_thread_in_native, id=6544, stack(0x06f10000,0x06f60000)]
  0x03db0400 JavaThread "AWT-Shutdown" [_thread_blocked, id=6472, stack(0x04170000,0x041c0000)]
  0x01aee800 JavaThread "AWT-Windows" daemon [_thread_in_native, id=6456, stack(0x041c0000,0x04210000)]
  0x03dad800 JavaThread "Java2D Disposer" daemon [_thread_blocked, id=6448, stack(0x03fe0000,0x04030000)]
  0x01a6d400 JavaThread "Low Memory Detector" daemon [_thread_blocked, id=6428, stack(0x03cd0000,0x03d20000)]
  0x01a6ac00 JavaThread "CompilerThread0" daemon [_thread_blocked, id=6424, stack(0x03c80000,0x03cd0000)]
  0x01a69c00 JavaThread "Attach Listener" daemon [_thread_blocked, id=6420, stack(0x03c30000,0x03c80000)]
  0x01a66c00 JavaThread "Signal Dispatcher" daemon [_thread_blocked, id=6416, stack(0x03be0000,0x03c30000)]
  0x01a25400 JavaThread "Finalizer" daemon [_thread_blocked, id=6392, stack(0x03b90000,0x03be0000)]
  0x01a20800 JavaThread "Reference Handler" daemon [_thread_blocked, id=6388, stack(0x03b40000,0x03b90000)]

Other Threads:
  0x01a1f400 VMThread [stack: 0x03af0000,0x03b40000] [id=6384]
  0x01a87800 WatcherThread [stack: 0x03d20000,0x03d70000] [id=6432]

VM state:not at safepoint (normal execution)

VM Mutex/Monitor currently owned by a thread: None

Heap
 def new generation   total 4928K, used 2847K [0x27a10000, 0x27f60000, 0x2ba10000)
  eden space 4416K,  60% used [0x27a10000, 0x27caab60, 0x27e60000)
  from space 512K,  35% used [0x27e60000, 0x27e8d3b0, 0x27ee0000)
  to   space 512K,   0% used [0x27ee0000, 0x27ee0000, 0x27f60000)
 tenured generation   total 10944K, used 6922K [0x2ba10000, 0x2c4c0000, 0x33a10000)
   the space 10944K,  63% used [0x2ba10000, 0x2c0d29f8, 0x2c0d2a00, 0x2c4c0000)
 compacting perm gen  total 12288K, used 5639K [0x33a10000, 0x34610000, 0x37a10000)
   the space 12288K,  45% used [0x33a10000, 0x33f91f78, 0x33f92000, 0x34610000)
    ro space 10240K,  51% used [0x37a10000, 0x37f3ae00, 0x37f3ae00, 0x38410000)
    rw space 12288K,  54% used [0x38410000, 0x38aa72d8, 0x38aa7400, 0x39010000)

Dynamic libraries:
0x00400000 - 0x00424000 	C:\Windows\system32\javaw.exe
0x77a00000 - 0x77b3c000 	C:\Windows\SYSTEM32\ntdll.dll
0x764f0000 - 0x765c4000 	C:\Windows\system32\kernel32.dll
0x75da0000 - 0x75dea000 	C:\Windows\system32\KERNELBASE.dll
0x76450000 - 0x764f0000 	C:\Windows\system32\ADVAPI32.dll
0x762b0000 - 0x7635c000 	C:\Windows\system32\msvcrt.dll
0x77b40000 - 0x77b59000 	C:\Windows\SYSTEM32\sechost.dll
0x77650000 - 0x776f1000 	C:\Windows\system32\RPCRT4.dll
0x76360000 - 0x76429000 	C:\Windows\system32\USER32.dll
0x77ba0000 - 0x77bee000 	C:\Windows\system32\GDI32.dll
0x77b90000 - 0x77b9a000 	C:\Windows\system32\LPK.dll
0x76070000 - 0x7610d000 	C:\Windows\system32\USP10.dll
0x76430000 - 0x7644f000 	C:\Windows\system32\IMM32.DLL
0x768a0000 - 0x7696c000 	C:\Windows\system32\MSCTF.dll
0x7c340000 - 0x7c396000 	C:\Program Files\Java\jre6\bin\msvcr71.dll
0x6d800000 - 0x6da97000 	C:\Program Files\Java\jre6\bin\client\jvm.dll
0x6ecb0000 - 0x6ece2000 	C:\Windows\system32\WINMM.dll
0x75a50000 - 0x75a9b000 	C:\Windows\system32\apphelp.dll
0x6d7b0000 - 0x6d7bc000 	C:\Program Files\Java\jre6\bin\verify.dll
0x6d330000 - 0x6d34f000 	C:\Program Files\Java\jre6\bin\java.dll
0x6d290000 - 0x6d298000 	C:\Program Files\Java\jre6\bin\hpi.dll
0x77b60000 - 0x77b65000 	C:\Windows\system32\PSAPI.DLL
0x6d7f0000 - 0x6d7ff000 	C:\Program Files\Java\jre6\bin\zip.dll
0x6d000000 - 0x6d14a000 	C:\Program Files\Java\jre6\bin\awt.dll
0x722d0000 - 0x72321000 	C:\Windows\system32\WINSPOOL.DRV
0x765d0000 - 0x7672c000 	C:\Windows\system32\ole32.dll
0x74ae0000 - 0x74c7e000 	C:\Windows\WinSxS\x86_microsoft.windows.common-controls_6595b64144ccf1df_6.0.7600.16385_none_421189da2b7fabfc\COMCTL32.dll
0x76110000 - 0x76167000 	C:\Windows\system32\SHLWAPI.dll
0x74570000 - 0x74583000 	C:\Windows\system32\DWMAPI.DLL
0x74960000 - 0x749a0000 	C:\Windows\system32\uxtheme.dll
0x71040000 - 0x710a9000 	C:\Windows\system32\IMKR12.IME
0x76970000 - 0x775b9000 	C:\Windows\system32\SHELL32.dll
0x775c0000 - 0x7764f000 	C:\Windows\system32\OLEAUT32.dll
0x71f70000 - 0x7200b000 	C:\Windows\WinSxS\x86_microsoft.vc80.crt_1fc8b3b9a1e18e3b_8.0.50727.4927_none_d08a205e442db5b5\MSVCR80.dll
0x70f60000 - 0x70fe7000 	C:\Windows\WinSxS\x86_microsoft.vc80.crt_1fc8b3b9a1e18e3b_8.0.50727.4927_none_d08a205e442db5b5\MSVCP80.dll
0x75ad0000 - 0x75adc000 	C:\Windows\system32\CRYPTBASE.dll
0x6d230000 - 0x6d284000 	C:\Program Files\Java\jre6\bin\fontmanager.dll
0x6d610000 - 0x6d623000 	C:\Program Files\Java\jre6\bin\net.dll
0x77bf0000 - 0x77c25000 	C:\Windows\system32\WS2_32.dll
0x77b80000 - 0x77b86000 	C:\Windows\system32\NSI.dll
0x75590000 - 0x755cc000 	C:\Windows\system32\mswsock.dll
0x75580000 - 0x75586000 	C:\Windows\System32\wship6.dll
0x750e0000 - 0x750e5000 	C:\Windows\System32\wshtcpip.dll
0x62d80000 - 0x62f43000 	C:\Windows\system32\d3d9.dll
0x75050000 - 0x75059000 	C:\Windows\system32\VERSION.dll
0x69a90000 - 0x69a96000 	C:\Windows\system32\d3d8thk.dll
0x705d0000 - 0x709d5000 	C:\Windows\system32\atiumdag.dll
0x70080000 - 0x70524000 	C:\Windows\system32\atiumdva.dll
0x6d630000 - 0x6d639000 	C:\Program Files\Java\jre6\bin\nio.dll
0x767e0000 - 0x76863000 	C:\Windows\system32\CLBCatQ.DLL
0x741f0000 - 0x7428a000 	C:\PROGRA~1\COMMON~1\MICROS~1\IME12\IMEKR\IMKRTIP.DLL
0x73620000 - 0x736c5000 	C:\PROGRA~1\COMMON~1\MICROS~1\IME12\SHARED\IMETIP.DLL
0x743c0000 - 0x743e2000 	C:\PROGRA~1\COMMON~1\MICROS~1\IME12\IMEKR\IMKRAPI.DLL
0x743f0000 - 0x7441c000 	C:\PROGRA~1\COMMON~1\MICROS~1\IME12\SHARED\IMJKAPI.DLL
0x755d0000 - 0x755e6000 	C:\Windows\system32\CRYPTSP.dll
0x752f0000 - 0x7532b000 	C:\Windows\system32\rsaenh.dll
0x75b40000 - 0x75b4e000 	C:\Windows\system32\RpcRtRemote.dll

VM Arguments:
jvm_args: -Xmx192M 
java_command: C:\Program Files\jEdit\jedit.jar -reuseview D:\PortableGit-1.7.0.2-preview20100309\clojure.contrib.rafael\anagram\src\anagram\spell_corrector.clj
Launcher Type: SUN_STANDARD

Environment Variables:
PATH=C:\Windows\system32;C:\Windows;C:\Windows\System32\Wbem;C:\Windows\System32\WindowsPowerShell\v1.0\;C:\Program Files\jEdit;c:\Clojure Box;C:\Program Files\newlisp
USERNAME=rafael
OS=Windows_NT
PROCESSOR_IDENTIFIER=x86 Family 15 Model 67 Stepping 3, AuthenticAMD



---------------  S Y S T E M  ---------------

OS: Windows 7 Build 7600 

CPU:total 2 (2 cores per cpu, 1 threads per core) family 15 model 67 stepping 3, cmov, cx8, fxsr, mmx, sse, sse2, sse3, mmxext, 3dnow, 3dnowext

Memory: 4k page, physical 1964536k(622388k free), swap 3929072k(1819112k free)

vm_info: Java HotSpot(TM) Client VM (16.3-b01) for windows-x86 JRE (1.6.0_20-b02), built on Apr 12 2010 13:52:23 by "java_re" with MS VC++ 7.1 (VS2003)

time: Sun Sep 19 02:01:05 2010
elapsed time: 1968 seconds

